# JRE version: OpenJDK Runtime Environment (8.0) (build 1.8.0-25-microsoft-b00)
# Java VM: OpenJDK 64-Bit Server VM (25.71-b00 mixed mode windows-amd64 compressed oops)
Heap:
 PSYoungGen      total 151040K, used 141444K [0x00000000eab00000, 0x00000000f5700000, 0x0000000100000000)
  eden space 126976K, 98% used [0x00000000eab00000,0x00000000f253bef0,0x00000000f2700000)
  from space 24064K, 67% used [0x00000000f3f80000,0x00000000f4f65388,0x00000000f5700000)
  to   space 24576K, 0% used [0x00000000f2700000,0x00000000f2700000,0x00000000f3f00000)
 ParOldGen       total 84992K, used 47058K [0x00000000c0000000, 0x00000000c5300000, 0x00000000eab00000)
  object space 84992K, 55% used [0x00000000c0000000,0x00000000c2df4b58,0x00000000c5300000)
 Metaspace       used 15759K, capacity 16700K, committed 16896K, reserved 1064960K
  class space    used 1995K, capacity 2258K, committed 2304K, reserved 1048576K
GC Heap History (10 events):
Event: 0.480 GC heap before
{Heap before GC invocations=2 (full 0):
 PSYoungGen      total 36864K, used 36857K [0x00000000eab00000, 0x00000000ed400000, 0x0000000100000000)
  eden space 31744K, 100% used [0x00000000eab00000,0x00000000eca00000,0x00000000eca00000)
  from space 5120K, 99% used [0x00000000eca00000,0x00000000ecefe7f0,0x00000000ecf00000)
  to   space 5120K, 0% used [0x00000000ecf00000,0x00000000ecf00000,0x00000000ed400000)
 ParOldGen       total 84992K, used 467K [0x00000000c0000000, 0x00000000c5300000, 0x00000000eab00000)
  object space 84992K, 0% used [0x00000000c0000000,0x00000000c0074d00,0x00000000c5300000)
 Metaspace       used 8156K, capacity 8410K, committed 8576K, reserved 1056768K
  class space    used 932K, capacity 1033K, committed 1152K, reserved 1048576K
Event: 0.487 GC heap after
Heap after GC invocations=2 (full 0):
 PSYoungGen      total 36864K, used 5112K [0x00000000eab00000, 0x00000000ef300000, 0x0000000100000000)
  eden space 31744K, 0% used [0x00000000eab00000,0x00000000eab00000,0x00000000eca00000)
  from space 5120K, 99% used [0x00000000ecf00000,0x00000000ed3fe360,0x00000000ed400000)
  to   space 5120K, 0% used [0x00000000eca00000,0x00000000eca00000,0x00000000ecf00000)
 ParOldGen       total 84992K, used 9232K [0x00000000c0000000, 0x00000000c5300000, 0x00000000eab00000)
  object space 84992K, 10% used [0x00000000c0000000,0x00000000c09041e8,0x00000000c5300000)
 Metaspace       used 8156K, capacity 8410K, committed 8576K, reserved 1056768K
  class space    used 932K, capacity 1033K, committed 1152K, reserved 1048576K
}
Event: 0.537 GC heap before
{Heap before GC invocations=3 (full 0):
 PSYoungGen      total 36864K, used 36851K [0x00000000eab00000, 0x00000000ef300000, 0x0000000100000000)
  eden space 31744K, 99% used [0x00000000eab00000,0x00000000ec9fe9c0,0x00000000eca00000)
  from space 5120K, 99% used [0x00000000ecf00000,0x00000000ed3fe360,0x00000000ed400000)
  to   space 5120K, 0% used [0x00000000eca00000,0x00000000eca00000,0x00000000ecf00000)
 ParOldGen       total 84992K, used 9232K [0x00000000c0000000, 0x00000000c5300000, 0x00000000eab00000)
  object space 84992K, 10% used [0x00000000c0000000,0x00000000c09041e8,0x00000000c5300000)
 Metaspace       used 8159K, capacity 8410K, committed 8576K, reserved 1056768K
  class space    used 932K, capacity 1033K, committed 1152K, reserved 1048576K
Event: 0.545 GC heap after
Heap after GC invocations=3 (full 0):
 PSYoungGen      total 36864K, used 5097K [0x00000000eab00000, 0x00000000ef300000, 0x0000000100000000)
  eden space 31744K, 0% used [0x00000000eab00000,0x00000000eab00000,0x00000000eca00000)
  from space 5120K, 99% used [0x00000000eca00000,0x00000000ecefa4b0,0x00000000ecf00000)
  to   space 5120K, 0% used [0x00000000eee00000,0x00000000eee00000,0x00000000ef300000)
 ParOldGen       total 84992K, used 21902K [0x00000000c0000000, 0x00000000c5300000, 0x00000000eab00000)
  object space 84992K, 25% used [0x00000000c0000000,0x00000000c1563868,0x00000000c5300000)
 Metaspace       used 8159K, capacity 8410K, committed 8576K, reserved 1056768K
  class space    used 932K, capacity 1033K, committed 1152K, reserved 1048576K
}
Event: 0.727 GC heap before
{Heap before GC invocations=4 (full 0):
 PSYoungGen      total 36864K, used 36841K [0x00000000eab00000, 0x00000000ef300000, 0x0000000100000000)
  eden space 31744K, 100% used [0x00000000eab00000,0x00000000eca00000,0x00000000eca00000)
  from space 5120K, 99% used [0x00000000eca00000,0x00000000ecefa4b0,0x00000000ecf00000)
  to   space 5120K, 0% used [0x00000000eee00000,0x00000000eee00000,0x00000000ef300000)
 ParOldGen       total 84992K, used 21902K [0x00000000c0000000, 0x00000000c5300000, 0x00000000eab00000)
  object space 84992K, 25% used [0x00000000c0000000,0x00000000c1563868,0x00000000c5300000)
 Metaspace       used 9153K, capacity 9464K, committed 9600K, reserved 1058816K
  class space    used 1045K, capacity 1136K, committed 1152K, reserved 1048576K
Event: 0.741 GC heap after
Heap after GC invocations=4 (full 0):
 PSYoungGen      total 68608K, used 5109K [0x00000000eab00000, 0x00000000ef300000, 0x0000000100000000)
  eden space 63488K, 0% used [0x00000000eab00000,0x00000000eab00000,0x00000000ee900000)
  from space 5120K, 99% used [0x00000000eee00000,0x00000000ef2fd770,0x00000000ef300000)
  to   space 5120K, 0% used [0x00000000ee900000,0x00000000ee900000,0x00000000eee00000)
 ParOldGen       total 84992K, used 31748K [0x00000000c0000000, 0x00000000c5300000, 0x00000000eab00000)
  object space 84992K, 37% used [0x00000000c0000000,0x00000000c1f01100,0x00000000c5300000)
 Metaspace       used 9153K, capacity 9464K, committed 9600K, reserved 1058816K
  class space    used 1045K, capacity 1136K, committed 1152K, reserved 1048576K
}
Event: 1.005 GC heap before
{Heap before GC invocations=5 (full 0):
 PSYoungGen      total 68608K, used 68597K [0x00000000eab00000, 0x00000000ef300000, 0x0000000100000000)
  eden space 63488K, 100% used [0x00000000eab00000,0x00000000ee900000,0x00000000ee900000)
  from space 5120K, 99% used [0x00000000eee00000,0x00000000ef2fd770,0x00000000ef300000)
  to   space 5120K, 0% used [0x00000000ee900000,0x00000000ee900000,0x00000000eee00000)
 ParOldGen       total 84992K, used 31748K [0x00000000c0000000, 0x00000000c5300000, 0x00000000eab00000)
  object space 84992K, 37% used [0x00000000c0000000,0x00000000c1f01100,0x00000000c5300000)
 Metaspace       used 9400K, capacity 9766K, committed 9984K, reserved 1058816K
  class space    used 1077K, capacity 1179K, committed 1280K, reserved 1048576K
Event: 1.038 GC heap after
Heap after GC invocations=5 (full 0):
 PSYoungGen      total 68608K, used 5104K [0x00000000eab00000, 0x00000000f5800000, 0x0000000100000000)
  eden space 63488K, 0% used [0x00000000eab00000,0x00000000eab00000,0x00000000ee900000)
  from space 5120K, 99% used [0x00000000ee900000,0x00000000eedfc040,0x00000000eee00000)
  to   space 25088K, 0% used [0x00000000f3f80000,0x00000000f3f80000,0x00000000f5800000)
 ParOldGen       total 84992K, used 47058K [0x00000000c0000000, 0x00000000c5300000, 0x00000000eab00000)
  object space 84992K, 55% used [0x00000000c0000000,0x00000000c2df4b58,0x00000000c5300000)
 Metaspace       used 9400K, capacity 9766K, committed 9984K, reserved 1058816K
  class space    used 1077K, capacity 1179K, committed 1280K, reserved 1048576K
}
Event: 1.265 GC heap before
{Heap before GC invocations=6 (full 0):
 PSYoungGen      total 68608K, used 68592K [0x00000000eab00000, 0x00000000f5800000, 0x0000000100000000)
  eden space 63488K, 100% used [0x00000000eab00000,0x00000000ee900000,0x00000000ee900000)
  from space 5120K, 99% used [0x00000000ee900000,0x00000000eedfc040,0x00000000eee00000)
  to   space 25088K, 0% used [0x00000000f3f80000,0x00000000f3f80000,0x00000000f5800000)
 ParOldGen       total 84992K, used 47058K [0x00000000c0000000, 0x00000000c5300000, 0x00000000eab00000)
  object space 84992K, 55% used [0x00000000c0000000,0x00000000c2df4b58,0x00000000c5300000)
 Metaspace       used 10021K, capacity 10428K, committed 10496K, reserved 1058816K
  class space    used 1162K, capacity 1260K, committed 1280K, reserved 1048576K
Event: 1.298 GC heap after
Heap after GC invocations=6 (full 0):
 PSYoungGen      total 151040K, used 16276K [0x00000000eab00000, 0x00000000f5700000, 0x0000000100000000)
  eden space 126976K, 0% used [0x00000000eab00000,0x00000000eab00000,0x00000000f2700000)
  from space 24064K, 67% used [0x00000000f3f80000,0x00000000f4f65388,0x00000000f5700000)
  to   space 24576K, 0% used [0x00000000f2700000,0x00000000f2700000,0x00000000f3f00000)
 ParOldGen       total 84992K, used 47058K [0x00000000c0000000, 0x00000000c5300000, 0x00000000eab00000)
  object space 84992K, 55% used [0x00000000c0000000,0x00000000c2df4b58,0x00000000c5300000)
 Metaspace       used 10021K, capacity 10428K, committed 10496K, reserved 1058816K
  class space    used 1162K, capacity 1260K, committed 1280K, reserved 1048576K
}

