# JRE version: OpenJDK Runtime Environment (8.0) (build 1.8.0-25-microsoft-b00)
# Java VM: OpenJDK 64-Bit Server VM (25.71-b00 mixed mode windows-amd64 compressed oops)
Heap:
 PSYoungGen      total 270848K, used 49929K [0x00000000d7400000, 0x00000000e9500000, 0x0000000100000000)
  eden space 251904K, 13% used [0x00000000d7400000,0x00000000d9491540,0x00000000e6a00000)
  from space 18944K, 87% used [0x00000000e7e80000,0x00000000e8eb0f00,0x00000000e9100000)
  to   space 20992K, 0% used [0x00000000e6a00000,0x00000000e6a00000,0x00000000e7e80000)
 ParOldGen       total 84992K, used 24026K [0x0000000085c00000, 0x000000008af00000, 0x00000000d7400000)
  object space 84992K, 28% used [0x0000000085c00000,0x0000000087376908,0x000000008af00000)
 Metaspace       used 9888K, capacity 10006K, committed 10240K, reserved 1058816K
  class space    used 912K, capacity 947K, committed 1024K, reserved 1048576K
GC Heap History (10 events):
Event: 1.509 GC heap before
{Heap before GC invocations=4 (full 0):
 PSYoungGen      total 36864K, used 36049K [0x00000000d7400000, 0x00000000dbc00000, 0x0000000100000000)
  eden space 31744K, 100% used [0x00000000d7400000,0x00000000d9300000,0x00000000d9300000)
  from space 5120K, 84% used [0x00000000d9300000,0x00000000d97345f8,0x00000000d9800000)
  to   space 5120K, 0% used [0x00000000db700000,0x00000000db700000,0x00000000dbc00000)
 ParOldGen       total 84992K, used 96K [0x0000000085c00000, 0x000000008af00000, 0x00000000d7400000)
  object space 84992K, 0% used [0x0000000085c00000,0x0000000085c18010,0x000000008af00000)
 Metaspace       used 8484K, capacity 8598K, committed 8832K, reserved 1056768K
  class space    used 800K, capacity 819K, committed 896K, reserved 1048576K
Event: 1.516 GC heap after
Heap after GC invocations=4 (full 0):
 PSYoungGen      total 68608K, used 5119K [0x00000000d7400000, 0x00000000dbc00000, 0x0000000100000000)
  eden space 63488K, 0% used [0x00000000d7400000,0x00000000d7400000,0x00000000db200000)
  from space 5120K, 99% used [0x00000000db700000,0x00000000dbbffe50,0x00000000dbc00000)
  to   space 5120K, 0% used [0x00000000db200000,0x00000000db200000,0x00000000db700000)
 ParOldGen       total 84992K, used 5222K [0x0000000085c00000, 0x000000008af00000, 0x00000000d7400000)
  object space 84992K, 6% used [0x0000000085c00000,0x0000000086119948,0x000000008af00000)
 Metaspace       used 8484K, capacity 8598K, committed 8832K, reserved 1056768K
  class space    used 800K, capacity 819K, committed 896K, reserved 1048576K
}
Event: 1.626 GC heap before
{Heap before GC invocations=5 (full 0):
 PSYoungGen      total 68608K, used 68607K [0x00000000d7400000, 0x00000000dbc00000, 0x0000000100000000)
  eden space 63488K, 100% used [0x00000000d7400000,0x00000000db200000,0x00000000db200000)
  from space 5120K, 99% used [0x00000000db700000,0x00000000dbbffe50,0x00000000dbc00000)
  to   space 5120K, 0% used [0x00000000db200000,0x00000000db200000,0x00000000db700000)
 ParOldGen       total 84992K, used 5238K [0x0000000085c00000, 0x000000008af00000, 0x00000000d7400000)
  object space 84992K, 6% used [0x0000000085c00000,0x000000008611d968,0x000000008af00000)
 Metaspace       used 8819K, capacity 8982K, committed 9088K, reserved 1056768K
  class space    used 820K, capacity 883K, committed 896K, reserved 1048576K
Event: 1.641 GC heap after
Heap after GC invocations=5 (full 0):
 PSYoungGen      total 68608K, used 5105K [0x00000000d7400000, 0x00000000e1600000, 0x0000000100000000)
  eden space 63488K, 0% used [0x00000000d7400000,0x00000000d7400000,0x00000000db200000)
  from space 5120K, 99% used [0x00000000db200000,0x00000000db6fc520,0x00000000db700000)
  to   space 19456K, 0% used [0x00000000e0300000,0x00000000e0300000,0x00000000e1600000)
 ParOldGen       total 84992K, used 20790K [0x0000000085c00000, 0x000000008af00000, 0x00000000d7400000)
  object space 84992K, 24% used [0x0000000085c00000,0x000000008704d9f0,0x000000008af00000)
 Metaspace       used 8819K, capacity 8982K, committed 9088K, reserved 1056768K
  class space    used 820K, capacity 883K, committed 896K, reserved 1048576K
}
Event: 1.834 GC heap before
{Heap before GC invocations=6 (full 0):
 PSYoungGen      total 68608K, used 68593K [0x00000000d7400000, 0x00000000e1600000, 0x0000000100000000)
  eden space 63488K, 100% used [0x00000000d7400000,0x00000000db200000,0x00000000db200000)
  from space 5120K, 99% used [0x00000000db200000,0x00000000db6fc520,0x00000000db700000)
  to   space 19456K, 0% used [0x00000000e0300000,0x00000000e0300000,0x00000000e1600000)
 ParOldGen       total 84992K, used 20794K [0x0000000085c00000, 0x000000008af00000, 0x00000000d7400000)
  object space 84992K, 24% used [0x0000000085c00000,0x000000008704e898,0x000000008af00000)
 Metaspace       used 9768K, capacity 9878K, committed 9984K, reserved 1058816K
  class space    used 902K, capacity 947K, committed 1024K, reserved 1048576K
Event: 1.852 GC heap after
Heap after GC invocations=6 (full 0):
 PSYoungGen      total 142336K, used 8516K [0x00000000d7400000, 0x00000000e1200000, 0x0000000100000000)
  eden space 126976K, 0% used [0x00000000d7400000,0x00000000d7400000,0x00000000df000000)
  from space 15360K, 55% used [0x00000000e0300000,0x00000000e0b51270,0x00000000e1200000)
  to   space 17408K, 0% used [0x00000000df000000,0x00000000df000000,0x00000000e0100000)
 ParOldGen       total 84992K, used 20794K [0x0000000085c00000, 0x000000008af00000, 0x00000000d7400000)
  object space 84992K, 24% used [0x0000000085c00000,0x000000008704e898,0x000000008af00000)
 Metaspace       used 9768K, capacity 9878K, committed 9984K, reserved 1058816K
  class space    used 902K, capacity 947K, committed 1024K, reserved 1048576K
}
Event: 2.019 GC heap before
{Heap before GC invocations=7 (full 0):
 PSYoungGen      total 142336K, used 134873K [0x00000000d7400000, 0x00000000e1200000, 0x0000000100000000)
  eden space 126976K, 99% used [0x00000000d7400000,0x00000000def654f0,0x00000000df000000)
  from space 15360K, 55% used [0x00000000e0300000,0x00000000e0b51270,0x00000000e1200000)
  to   space 17408K, 0% used [0x00000000df000000,0x00000000df000000,0x00000000e0100000)
 ParOldGen       total 84992K, used 20794K [0x0000000085c00000, 0x000000008af00000, 0x00000000d7400000)
  object space 84992K, 24% used [0x0000000085c00000,0x000000008704e898,0x000000008af00000)
 Metaspace       used 9866K, capacity 10006K, committed 10240K, reserved 1058816K
  class space    used 911K, capacity 947K, committed 1024K, reserved 1048576K
Event: 2.041 GC heap after
Heap after GC invocations=7 (full 0):
 PSYoungGen      total 144384K, used 13217K [0x00000000d7400000, 0x00000000e9100000, 0x0000000100000000)
  eden space 126976K, 0% used [0x00000000d7400000,0x00000000d7400000,0x00000000df000000)
  from space 17408K, 75% used [0x00000000df000000,0x00000000dfce86d8,0x00000000e0100000)
  to   space 18944K, 0% used [0x00000000e7e80000,0x00000000e7e80000,0x00000000e9100000)
 ParOldGen       total 84992K, used 23034K [0x0000000085c00000, 0x000000008af00000, 0x00000000d7400000)
  object space 84992K, 27% used [0x0000000085c00000,0x000000008727e8c8,0x000000008af00000)
 Metaspace       used 9866K, capacity 10006K, committed 10240K, reserved 1058816K
  class space    used 911K, capacity 947K, committed 1024K, reserved 1048576K
}
Event: 2.175 GC heap before
{Heap before GC invocations=8 (full 0):
 PSYoungGen      total 144384K, used 140193K [0x00000000d7400000, 0x00000000e9100000, 0x0000000100000000)
  eden space 126976K, 100% used [0x00000000d7400000,0x00000000df000000,0x00000000df000000)
  from space 17408K, 75% used [0x00000000df000000,0x00000000dfce86d8,0x00000000e0100000)
  to   space 18944K, 0% used [0x00000000e7e80000,0x00000000e7e80000,0x00000000e9100000)
 ParOldGen       total 84992K, used 23034K [0x0000000085c00000, 0x000000008af00000, 0x00000000d7400000)
  object space 84992K, 27% used [0x0000000085c00000,0x000000008727e8c8,0x000000008af00000)
 Metaspace       used 9881K, capacity 10006K, committed 10240K, reserved 1058816K
  class space    used 912K, capacity 947K, committed 1024K, reserved 1048576K
Event: 2.208 GC heap after
Heap after GC invocations=8 (full 0):
 PSYoungGen      total 270848K, used 16579K [0x00000000d7400000, 0x00000000e9500000, 0x0000000100000000)
  eden space 251904K, 0% used [0x00000000d7400000,0x00000000d7400000,0x00000000e6a00000)
  from space 18944K, 87% used [0x00000000e7e80000,0x00000000e8eb0f00,0x00000000e9100000)
  to   space 20992K, 0% used [0x00000000e6a00000,0x00000000e6a00000,0x00000000e7e80000)
 ParOldGen       total 84992K, used 24026K [0x0000000085c00000, 0x000000008af00000, 0x00000000d7400000)
  object space 84992K, 28% used [0x0000000085c00000,0x0000000087376908,0x000000008af00000)
 Metaspace       used 9881K, capacity 10006K, committed 10240K, reserved 1058816K
  class space    used 912K, capacity 947K, committed 1024K, reserved 1048576K
}

