# JRE version: OpenJDK Runtime Environment (8.0) (build 1.8.0-25-microsoft-b00)
# Java VM: OpenJDK 64-Bit Server VM (25.71-b00 mixed mode windows-amd64 compressed oops)
Heap:
 PSYoungGen      total 151552K, used 72554K [0x00000000eab00000, 0x00000000f6b00000, 0x0000000100000000)
  eden space 126976K, 46% used [0x00000000eab00000,0x00000000ee40ebb8,0x00000000f2700000)
  from space 24576K, 57% used [0x00000000f2700000,0x00000000f34cc020,0x00000000f3f00000)
  to   space 22528K, 0% used [0x00000000f5500000,0x00000000f5500000,0x00000000f6b00000)
 ParOldGen       total 118272K, used 57464K [0x00000000c0000000, 0x00000000c7380000, 0x00000000eab00000)
  object space 118272K, 48% used [0x00000000c0000000,0x00000000c381e008,0x00000000c7380000)
 Metaspace       used 17012K, capacity 17982K, committed 18176K, reserved 1064960K
  class space    used 2040K, capacity 2275K, committed 2304K, reserved 1048576K
GC Heap History (10 events):
Event: 13.463 GC heap before
{Heap before GC invocations=20 (full 1):
 PSYoungGen      total 151040K, used 137872K [0x00000000eab00000, 0x00000000f5700000, 0x0000000100000000)
  eden space 126976K, 100% used [0x00000000eab00000,0x00000000f2700000,0x00000000f2700000)
  from space 24064K, 45% used [0x00000000f3f80000,0x00000000f4a24010,0x00000000f5700000)
  to   space 24576K, 0% used [0x00000000f2700000,0x00000000f2700000,0x00000000f3f00000)
 ParOldGen       total 118272K, used 55795K [0x00000000c0000000, 0x00000000c7380000, 0x00000000eab00000)
  object space 118272K, 47% used [0x00000000c0000000,0x00000000c367cff8,0x00000000c7380000)
 Metaspace       used 16981K, capacity 17980K, committed 18176K, reserved 1064960K
  class space    used 2040K, capacity 2274K, committed 2304K, reserved 1048576K
Event: 13.487 GC heap after
Heap after GC invocations=20 (full 1):
 PSYoungGen      total 151552K, used 9728K [0x00000000eab00000, 0x00000000f5700000, 0x0000000100000000)
  eden space 126976K, 0% used [0x00000000eab00000,0x00000000eab00000,0x00000000f2700000)
  from space 24576K, 39% used [0x00000000f2700000,0x00000000f3080000,0x00000000f3f00000)
  to   space 24064K, 0% used [0x00000000f3f80000,0x00000000f3f80000,0x00000000f5700000)
 ParOldGen       total 118272K, used 57456K [0x00000000c0000000, 0x00000000c7380000, 0x00000000eab00000)
  object space 118272K, 48% used [0x00000000c0000000,0x00000000c381c008,0x00000000c7380000)
 Metaspace       used 16981K, capacity 17980K, committed 18176K, reserved 1064960K
  class space    used 2040K, capacity 2274K, committed 2304K, reserved 1048576K
}
Event: 13.994 GC heap before
{Heap before GC invocations=21 (full 1):
 PSYoungGen      total 151552K, used 136704K [0x00000000eab00000, 0x00000000f5700000, 0x0000000100000000)
  eden space 126976K, 100% used [0x00000000eab00000,0x00000000f2700000,0x00000000f2700000)
  from space 24576K, 39% used [0x00000000f2700000,0x00000000f3080000,0x00000000f3f00000)
  to   space 24064K, 0% used [0x00000000f3f80000,0x00000000f3f80000,0x00000000f5700000)
 ParOldGen       total 118272K, used 57456K [0x00000000c0000000, 0x00000000c7380000, 0x00000000eab00000)
  object space 118272K, 48% used [0x00000000c0000000,0x00000000c381c008,0x00000000c7380000)
 Metaspace       used 16990K, capacity 17982K, committed 18176K, reserved 1064960K
  class space    used 2040K, capacity 2275K, committed 2304K, reserved 1048576K
Event: 14.008 GC heap after
Heap after GC invocations=21 (full 1):
 PSYoungGen      total 151040K, used 10544K [0x00000000eab00000, 0x00000000f5700000, 0x0000000100000000)
  eden space 126976K, 0% used [0x00000000eab00000,0x00000000eab00000,0x00000000f2700000)
  from space 24064K, 43% used [0x00000000f3f80000,0x00000000f49cc010,0x00000000f5700000)
  to   space 24576K, 0% used [0x00000000f2700000,0x00000000f2700000,0x00000000f3f00000)
 ParOldGen       total 118272K, used 57464K [0x00000000c0000000, 0x00000000c7380000, 0x00000000eab00000)
  object space 118272K, 48% used [0x00000000c0000000,0x00000000c381e008,0x00000000c7380000)
 Metaspace       used 16990K, capacity 17982K, committed 18176K, reserved 1064960K
  class space    used 2040K, capacity 2275K, committed 2304K, reserved 1048576K
}
Event: 14.640 GC heap before
{Heap before GC invocations=22 (full 1):
 PSYoungGen      total 151040K, used 137520K [0x00000000eab00000, 0x00000000f5700000, 0x0000000100000000)
  eden space 126976K, 100% used [0x00000000eab00000,0x00000000f2700000,0x00000000f2700000)
  from space 24064K, 43% used [0x00000000f3f80000,0x00000000f49cc010,0x00000000f5700000)
  to   space 24576K, 0% used [0x00000000f2700000,0x00000000f2700000,0x00000000f3f00000)
 ParOldGen       total 118272K, used 57464K [0x00000000c0000000, 0x00000000c7380000, 0x00000000eab00000)
  object space 118272K, 48% used [0x00000000c0000000,0x00000000c381e008,0x00000000c7380000)
 Metaspace       used 16996K, capacity 17982K, committed 18176K, reserved 1064960K
  class space    used 2040K, capacity 2275K, committed 2304K, reserved 1048576K
Event: 14.665 GC heap after
Heap after GC invocations=22 (full 1):
 PSYoungGen      total 151552K, used 11456K [0x00000000eab00000, 0x00000000f5700000, 0x0000000100000000)
  eden space 126976K, 0% used [0x00000000eab00000,0x00000000eab00000,0x00000000f2700000)
  from space 24576K, 46% used [0x00000000f2700000,0x00000000f3230000,0x00000000f3f00000)
  to   space 24064K, 0% used [0x00000000f3f80000,0x00000000f3f80000,0x00000000f5700000)
 ParOldGen       total 118272K, used 57464K [0x00000000c0000000, 0x00000000c7380000, 0x00000000eab00000)
  object space 118272K, 48% used [0x00000000c0000000,0x00000000c381e008,0x00000000c7380000)
 Metaspace       used 16996K, capacity 17982K, committed 18176K, reserved 1064960K
  class space    used 2040K, capacity 2275K, committed 2304K, reserved 1048576K
}
Event: 15.128 GC heap before
{Heap before GC invocations=23 (full 1):
 PSYoungGen      total 151552K, used 138432K [0x00000000eab00000, 0x00000000f5700000, 0x0000000100000000)
  eden space 126976K, 100% used [0x00000000eab00000,0x00000000f2700000,0x00000000f2700000)
  from space 24576K, 46% used [0x00000000f2700000,0x00000000f3230000,0x00000000f3f00000)
  to   space 24064K, 0% used [0x00000000f3f80000,0x00000000f3f80000,0x00000000f5700000)
 ParOldGen       total 118272K, used 57464K [0x00000000c0000000, 0x00000000c7380000, 0x00000000eab00000)
  object space 118272K, 48% used [0x00000000c0000000,0x00000000c381e008,0x00000000c7380000)
 Metaspace       used 17005K, capacity 17982K, committed 18176K, reserved 1064960K
  class space    used 2040K, capacity 2275K, committed 2304K, reserved 1048576K
Event: 15.152 GC heap after
Heap after GC invocations=23 (full 1):
 PSYoungGen      total 151040K, used 12816K [0x00000000eab00000, 0x00000000f5700000, 0x0000000100000000)
  eden space 126976K, 0% used [0x00000000eab00000,0x00000000eab00000,0x00000000f2700000)
  from space 24064K, 53% used [0x00000000f3f80000,0x00000000f4c04010,0x00000000f5700000)
  to   space 24576K, 0% used [0x00000000f2700000,0x00000000f2700000,0x00000000f3f00000)
 ParOldGen       total 118272K, used 57464K [0x00000000c0000000, 0x00000000c7380000, 0x00000000eab00000)
  object space 118272K, 48% used [0x00000000c0000000,0x00000000c381e008,0x00000000c7380000)
 Metaspace       used 17005K, capacity 17982K, committed 18176K, reserved 1064960K
  class space    used 2040K, capacity 2275K, committed 2304K, reserved 1048576K
}
Event: 15.517 GC heap before
{Heap before GC invocations=24 (full 1):
 PSYoungGen      total 151040K, used 139792K [0x00000000eab00000, 0x00000000f5700000, 0x0000000100000000)
  eden space 126976K, 100% used [0x00000000eab00000,0x00000000f2700000,0x00000000f2700000)
  from space 24064K, 53% used [0x00000000f3f80000,0x00000000f4c04010,0x00000000f5700000)
  to   space 24576K, 0% used [0x00000000f2700000,0x00000000f2700000,0x00000000f3f00000)
 ParOldGen       total 118272K, used 57464K [0x00000000c0000000, 0x00000000c7380000, 0x00000000eab00000)
  object space 118272K, 48% used [0x00000000c0000000,0x00000000c381e008,0x00000000c7380000)
 Metaspace       used 17009K, capacity 17982K, committed 18176K, reserved 1064960K
  class space    used 2040K, capacity 2275K, committed 2304K, reserved 1048576K
Event: 15.536 GC heap after
Heap after GC invocations=24 (full 1):
 PSYoungGen      total 151552K, used 14128K [0x00000000eab00000, 0x00000000f6b00000, 0x0000000100000000)
  eden space 126976K, 0% used [0x00000000eab00000,0x00000000eab00000,0x00000000f2700000)
  from space 24576K, 57% used [0x00000000f2700000,0x00000000f34cc020,0x00000000f3f00000)
  to   space 22528K, 0% used [0x00000000f5500000,0x00000000f5500000,0x00000000f6b00000)
 ParOldGen       total 118272K, used 57464K [0x00000000c0000000, 0x00000000c7380000, 0x00000000eab00000)
  object space 118272K, 48% used [0x00000000c0000000,0x00000000c381e008,0x00000000c7380000)
 Metaspace       used 17009K, capacity 17982K, committed 18176K, reserved 1064960K
  class space    used 2040K, capacity 2275K, committed 2304K, reserved 1048576K
}

